"Title","PCName","ExecutionCode","Message","ProcessID","ThreadID","MessageTime","MessageTimeForUsers"
,DAVIDECASTELLAN,1615994772,Created log,12572,14812,1615994772.612908,Wed Mar 17 16:26:12 2021
,DAVIDECASTELLAN,1615994772,Defined CSV files' infos,12572,14812,1615994772.616812,Wed Mar 17 16:26:12 2021
,DAVIDECASTELLAN,1615994772,Inizialized CSV files,12572,14812,1615994772.630476,Wed Mar 17 16:26:12 2021
vtools,DAVIDECASTELLAN,1615994801,Created log,1452,2872,1615994801.591887,Wed Mar 17 16:26:41 2021
vtools,DAVIDECASTELLAN,1615994801,Defined CSV files' infos,1452,2872,1615994801.594816,Wed Mar 17 16:26:41 2021
vtools,DAVIDECASTELLAN,1615994801,Inizialized CSV files,1452,2872,1615994801.595792,Wed Mar 17 16:26:41 2021
vtools,DAVIDECASTELLAN,1615994912,Created log,21772,9212,1615994912.262196,Wed Mar 17 16:28:32 2021
vtools,DAVIDECASTELLAN,1615994912,Defined CSV files' infos,21772,9212,1615994912.264027,Wed Mar 17 16:28:32 2021
vtools,DAVIDECASTELLAN,1615994912,Inizialized CSV files,21772,9212,1615994912.265003,Wed Mar 17 16:28:32 2021
vtools,DAVIDECASTELLAN,1615994912,ubuntu_base,21772,9212,1615994912.315322,Wed Mar 17 16:28:32 2021
vtools,DAVIDECASTELLAN,1615994912,Linux,21772,9212,1615994912.34713,Wed Mar 17 16:28:32 2021
vtools,DAVIDECASTELLAN,1615994912,,21772,9212,1615994912.426621,Wed Mar 17 16:28:32 2021
vtools,DAVIDECASTELLAN,1615994912,Clone di ubuntu_base,21772,9212,1615994912.426621,Wed Mar 17 16:28:32 2021
vtools,DAVIDECASTELLAN,1615994912,Linux,21772,9212,1615994912.475286,Wed Mar 17 16:28:32 2021
vtools,DAVIDECASTELLAN,1615994912,"enp0s3,10.0.2.15,080027A70514,NAT
mpqemubr0,10.125.32.1,525400B774EE",21772,9212,1615994912.699047,Wed Mar 17 16:28:32 2021
vtools,DAVIDECASTELLAN,1615994912,Clone di ubuntu_base2,21772,9212,1615994912.699047,Wed Mar 17 16:28:32 2021
vtools,DAVIDECASTELLAN,1615994912,Linux,21772,9212,1615994912.754239,Wed Mar 17 16:28:32 2021
vtools,DAVIDECASTELLAN,1615994912,"enp0s3,10.0.2.15,080027A70514,Bridged Interface 'Realtek PCIe GbE Family Controller #2'",21772,9212,1615994912.983196,Wed Mar 17 16:28:32 2021
vtools,DAVIDECASTELLAN,1615994912,gpg_base,21772,9212,1615994913.003691,Wed Mar 17 16:28:33 2021
vtools,DAVIDECASTELLAN,1615994912,Linux,21772,9212,1615994913.065191,Wed Mar 17 16:28:33 2021
vtools,DAVIDECASTELLAN,1615994912,Clone di gpg_base,21772,9212,1615994913.327082,Wed Mar 17 16:28:33 2021
vtools,DAVIDECASTELLAN,1615994912,"enp0s3,10.0.2.15,080027A70514,NAT",21772,9212,1615994913.325132,Wed Mar 17 16:28:33 2021
vtools,DAVIDECASTELLAN,1615994912,Linux,21772,9212,1615994913.42787,Wed Mar 17 16:28:33 2021
vtools,DAVIDECASTELLAN,1615994912,"enp0s3,10.0.2.15,080027A70514,NAT",21772,9212,1615994913.581855,Wed Mar 17 16:28:33 2021
vtools,DAVIDECASTELLAN,1615994964,Created log,2800,1972,1615994964.265337,Wed Mar 17 16:29:24 2021
vtools,DAVIDECASTELLAN,1615994964,Inizialized CSV files,2800,1972,1615994964.269239,Wed Mar 17 16:29:24 2021
vtools,DAVIDECASTELLAN,1615994964,Defined CSV files' infos,2800,1972,1615994964.268263,Wed Mar 17 16:29:24 2021
vtools,DAVIDECASTELLAN,1615994964,ubuntu_base,2800,1972,1615994964.325152,Wed Mar 17 16:29:24 2021
vtools,DAVIDECASTELLAN,1615994964,Linux,2800,1972,1615994964.360584,Wed Mar 17 16:29:24 2021
vtools,DAVIDECASTELLAN,1615994964,Clone di ubuntu_base,2800,1972,1615994964.369973,Wed Mar 17 16:29:24 2021
vtools,DAVIDECASTELLAN,1615994964,Linux,2800,1972,1615994964.420015,Wed Mar 17 16:29:24 2021
vtools,DAVIDECASTELLAN,1615994964,Clone di ubuntu_base2,2800,1972,1615994964.420015,Wed Mar 17 16:29:24 2021
vtools,DAVIDECASTELLAN,1615994964,gpg_base,2800,1972,1615994964.477788,Wed Mar 17 16:29:24 2021
vtools,DAVIDECASTELLAN,1615994964,Linux,2800,1972,1615994964.476812,Wed Mar 17 16:29:24 2021
vtools,DAVIDECASTELLAN,1615994964,Linux,2800,1972,1615994964.535458,Wed Mar 17 16:29:24 2021
vtools,DAVIDECASTELLAN,1615994964,Clone di gpg_base,2800,1972,1615994964.535458,Wed Mar 17 16:29:24 2021
vtools,DAVIDECASTELLAN,1615994964,Linux,2800,1972,1615994964.593445,Wed Mar 17 16:29:24 2021
vtools,DAVIDECASTELLAN,1615994985,Created log,22780,22652,1615994985.336746,Wed Mar 17 16:29:45 2021
vtools,DAVIDECASTELLAN,1615994985,Inizialized CSV files,22780,22652,1615994985.339674,Wed Mar 17 16:29:45 2021
vtools,DAVIDECASTELLAN,1615994985,Defined CSV files' infos,22780,22652,1615994985.338741,Wed Mar 17 16:29:45 2021
vtools,DAVIDECASTELLAN,1615994985,ubuntu_base,22780,22652,1615994985.410006,Wed Mar 17 16:29:45 2021
vtools,DAVIDECASTELLAN,1615994985,Linux,22780,22652,1615994985.439471,Wed Mar 17 16:29:45 2021
vtools,DAVIDECASTELLAN,1615994985,,22780,22652,1615994985.513914,Wed Mar 17 16:29:45 2021
vtools,DAVIDECASTELLAN,1615994985,Clone di ubuntu_base,22780,22652,1615994985.51489,Wed Mar 17 16:29:45 2021
vtools,DAVIDECASTELLAN,1615994985,Linux,22780,22652,1615994985.580051,Wed Mar 17 16:29:45 2021
vtools,DAVIDECASTELLAN,1615994985,"enp0s3,10.0.2.15,080027A70514,NATmpqemubr0,10.125.32.1,525400B774EE",22780,22652,1615994985.803676,Wed Mar 17 16:29:45 2021
vtools,DAVIDECASTELLAN,1615994985,Clone di ubuntu_base2,22780,22652,1615994985.80459,Wed Mar 17 16:29:45 2021
vtools,DAVIDECASTELLAN,1615994985,Linux,22780,22652,1615994985.853147,Wed Mar 17 16:29:45 2021
vtools,DAVIDECASTELLAN,1615994985,gpg_base,22780,22652,1615994986.096381,Wed Mar 17 16:29:46 2021
vtools,DAVIDECASTELLAN,1615994985,"enp0s3,10.0.2.15,080027A70514,Bridged Interface 'Realtek PCIe GbE Family Controller #2'",22780,22652,1615994986.095403,Wed Mar 17 16:29:46 2021
vtools,DAVIDECASTELLAN,1615994985,Linux,22780,22652,1615994986.206133,Wed Mar 17 16:29:46 2021
vtools,DAVIDECASTELLAN,1615994985,"enp0s3,10.0.2.15,080027A70514,NAT",22780,22652,1615994986.416215,Wed Mar 17 16:29:46 2021
vtools,DAVIDECASTELLAN,1615994985,Clone di gpg_base,22780,22652,1615994986.425973,Wed Mar 17 16:29:46 2021
vtools,DAVIDECASTELLAN,1615994985,Linux,22780,22652,1615994986.474216,Wed Mar 17 16:29:46 2021
vtools,DAVIDECASTELLAN,1615994985,"enp0s3,10.0.2.15,080027A70514,NAT",22780,22652,1615994986.620764,Wed Mar 17 16:29:46 2021
vtools,DAVIDECASTELLAN,1615995011,Created log,10348,9864,1615995011.780587,Wed Mar 17 16:30:11 2021
vtools,DAVIDECASTELLAN,1615995011,Inizialized CSV files,10348,9864,1615995011.784895,Wed Mar 17 16:30:11 2021
vtools,DAVIDECASTELLAN,1615995011,Defined CSV files' infos,10348,9864,1615995011.78392,Wed Mar 17 16:30:11 2021
vtools,DAVIDECASTELLAN,1615995011,ubuntu_base,10348,9864,1615995011.840656,Wed Mar 17 16:30:11 2021
vtools,DAVIDECASTELLAN,1615995011,Linux,10348,9864,1615995011.883166,Wed Mar 17 16:30:11 2021
vtools,DAVIDECASTELLAN,1615995011,Clone di ubuntu_base,10348,9864,1615995011.958555,Wed Mar 17 16:30:11 2021
vtools,DAVIDECASTELLAN,1615995011,,10348,9864,1615995011.958555,Wed Mar 17 16:30:11 2021
vtools,DAVIDECASTELLAN,1615995011,Linux,10348,9864,1615995012.006603,Wed Mar 17 16:30:12 2021
vtools,DAVIDECASTELLAN,1615995011,"enp0s3,10.0.2.15,080027A70514,NAT",10348,9864,1615995012.235723,Wed Mar 17 16:30:12 2021
vtools,DAVIDECASTELLAN,1615995011,"mpqemubr0,10.125.32.1,525400B774EE",10348,9864,1615995012.24751,Wed Mar 17 16:30:12 2021
vtools,DAVIDECASTELLAN,1615995011,Clone di ubuntu_base2,10348,9864,1615995012.262829,Wed Mar 17 16:30:12 2021
vtools,DAVIDECASTELLAN,1615995011,Linux,10348,9864,1615995012.309768,Wed Mar 17 16:30:12 2021
vtools,DAVIDECASTELLAN,1615995011,gpg_base,10348,9864,1615995012.570934,Wed Mar 17 16:30:12 2021
vtools,DAVIDECASTELLAN,1615995011,"enp0s3,10.0.2.15,080027A70514,Bridged Interface 'Realtek PCIe GbE Family Controller #2'",10348,9864,1615995012.569957,Wed Mar 17 16:30:12 2021
vtools,DAVIDECASTELLAN,1615995011,Linux,10348,9864,1615995012.680252,Wed Mar 17 16:30:12 2021
vtools,DAVIDECASTELLAN,1615995011,Clone di gpg_base,10348,9864,1615995012.887856,Wed Mar 17 16:30:12 2021
vtools,DAVIDECASTELLAN,1615995011,"enp0s3,10.0.2.15,080027A70514,NAT",10348,9864,1615995012.883952,Wed Mar 17 16:30:12 2021
vtools,DAVIDECASTELLAN,1615995011,Linux,10348,9864,1615995012.967886,Wed Mar 17 16:30:12 2021
vtools,DAVIDECASTELLAN,1615995011,"enp0s3,10.0.2.15,080027A70514,NAT",10348,9864,1615995013.145433,Wed Mar 17 16:30:13 2021
vtools,DAVIDECASTELLAN,1615995410,Created log,6816,21376,1615995410.474592,Wed Mar 17 16:36:50 2021
vtools,DAVIDECASTELLAN,1615995410,Inizialized CSV files,6816,21376,1615995410.479278,Wed Mar 17 16:36:50 2021
vtools,DAVIDECASTELLAN,1615995410,Defined CSV files' infos,6816,21376,1615995410.477522,Wed Mar 17 16:36:50 2021
vtools,DAVIDECASTELLAN,1615995410,Stored csv,6816,21376,1615995410.56336,Wed Mar 17 16:36:50 2021
vtools,DAVIDECASTELLAN,1615995410,Stored csv,6816,21376,1615995410.669065,Wed Mar 17 16:36:50 2021
vtools,DAVIDECASTELLAN,1615995410,Stored csv,6816,21376,1615995410.934094,Wed Mar 17 16:36:50 2021
vtools,DAVIDECASTELLAN,1615995410,Stored csv,6816,21376,1615995411.130078,Wed Mar 17 16:36:51 2021
vtools,DAVIDECASTELLAN,1615995410,Stored csv,6816,21376,1615995411.318295,Wed Mar 17 16:36:51 2021
vtools,DAVIDECASTELLAN,1615995438,Created log,1124,19936,1615995438.676951,Wed Mar 17 16:37:18 2021
vtools,DAVIDECASTELLAN,1615995438,Defined CSV files' infos,1124,19936,1615995438.680821,Wed Mar 17 16:37:18 2021
vtools,DAVIDECASTELLAN,1615995438,Inizialized CSV files,1124,19936,1615995438.717939,Wed Mar 17 16:37:18 2021
vtools,DAVIDECASTELLAN,1615995438,Stored into csv file(s),1124,19936,1615995438.853134,Wed Mar 17 16:37:18 2021
vtools,DAVIDECASTELLAN,1615995438,Stored into csv file(s),1124,19936,1615995439.121706,Wed Mar 17 16:37:19 2021
vtools,DAVIDECASTELLAN,1615995438,Stored into csv file(s),1124,19936,1615995439.379107,Wed Mar 17 16:37:19 2021
vtools,DAVIDECASTELLAN,1615995438,Stored into csv file(s),1124,19936,1615995439.672257,Wed Mar 17 16:37:19 2021
vtools,DAVIDECASTELLAN,1615995438,Stored into csv file(s),1124,19936,1615995439.884538,Wed Mar 17 16:37:19 2021
vtools,DAVIDECASTELLAN,1615995460,Created log,10792,4460,1615995460.645517,Wed Mar 17 16:37:40 2021
vtools,DAVIDECASTELLAN,1615995460,Defined CSV files' infos,10792,4460,1615995460.648488,Wed Mar 17 16:37:40 2021
vtools,DAVIDECASTELLAN,1615995460,Inizialized CSV files,10792,4460,1615995460.68481,Wed Mar 17 16:37:40 2021
vtools,DAVIDECASTELLAN,1615995460,Stored into csv file(s),10792,4460,1615995460.811866,Wed Mar 17 16:37:40 2021
vtools,DAVIDECASTELLAN,1615995460,Stored into csv file(s),10792,4460,1615995461.074668,Wed Mar 17 16:37:41 2021
vtools,DAVIDECASTELLAN,1615995460,Stored into csv file(s),10792,4460,1615995461.344489,Wed Mar 17 16:37:41 2021
vtools,DAVIDECASTELLAN,1615995460,Stored into csv file(s),10792,4460,1615995461.64215,Wed Mar 17 16:37:41 2021
vtools,DAVIDECASTELLAN,1615995460,Stored into csv file(s),10792,4460,1615995461.844724,Wed Mar 17 16:37:41 2021
vtools,DAVIDECASTELLAN,1615995477,Created log,14740,20796,1615995477.152349,Wed Mar 17 16:37:57 2021
vtools,DAVIDECASTELLAN,1615995477,Defined CSV files' infos,14740,20796,1615995477.155364,Wed Mar 17 16:37:57 2021
vtools,DAVIDECASTELLAN,1615995477,Inizialized CSV files,14740,20796,1615995477.202217,Wed Mar 17 16:37:57 2021
vtools,DAVIDECASTELLAN,1615995477,Stored into csv file(s),14740,20796,1615995477.365485,Wed Mar 17 16:37:57 2021
vtools,DAVIDECASTELLAN,1615995477,Stored into csv file(s),14740,20796,1615995477.686661,Wed Mar 17 16:37:57 2021
vtools,DAVIDECASTELLAN,1615995477,Stored into csv file(s),14740,20796,1615995477.989528,Wed Mar 17 16:37:57 2021
vtools,DAVIDECASTELLAN,1615995477,Stored into csv file(s),14740,20796,1615995478.189822,Wed Mar 17 16:37:58 2021
vtools,DAVIDECASTELLAN,1615995477,Stored into csv file(s),14740,20796,1615995478.38568,Wed Mar 17 16:37:58 2021
vtools,DAVIDECASTELLAN,1615995546,Created log,9916,20200,1615995546.8513,Wed Mar 17 16:39:06 2021
vtools,DAVIDECASTELLAN,1615995546,Defined CSV files' infos,9916,20200,1615995546.854197,Wed Mar 17 16:39:06 2021
vtools,DAVIDECASTELLAN,1615995546,Inizialized CSV files,9916,20200,1615995546.895055,Wed Mar 17 16:39:06 2021
vtools,DAVIDECASTELLAN,1615995546,Stored into csv file(s),9916,20200,1615995547.034865,Wed Mar 17 16:39:07 2021
vtools,DAVIDECASTELLAN,1615995546,Stored into csv file(s),9916,20200,1615995547.335201,Wed Mar 17 16:39:07 2021
vtools,DAVIDECASTELLAN,1615995546,Stored into csv file(s),9916,20200,1615995547.69684,Wed Mar 17 16:39:07 2021
vtools,DAVIDECASTELLAN,1615995546,Stored into csv file(s),9916,20200,1615995547.98797,Wed Mar 17 16:39:07 2021
vtools,DAVIDECASTELLAN,1615995546,Stored into csv file(s),9916,20200,1615995548.213454,Wed Mar 17 16:39:08 2021
vtools,DAVIDECASTELLAN,1615995564,Created log,5976,20732,1615995564.325397,Wed Mar 17 16:39:24 2021
vtools,DAVIDECASTELLAN,1615995564,Defined CSV files' infos,5976,20732,1615995564.327349,Wed Mar 17 16:39:24 2021
vtools,DAVIDECASTELLAN,1615995564,Inizialized CSV files,5976,20732,1615995564.372112,Wed Mar 17 16:39:24 2021
vtools,DAVIDECASTELLAN,1615995564,Stored into csv file(s),5976,20732,1615995564.515231,Wed Mar 17 16:39:24 2021
vtools,DAVIDECASTELLAN,1615995564,Stored into csv file(s),5976,20732,1615995564.823555,Wed Mar 17 16:39:24 2021
vtools,DAVIDECASTELLAN,1615995564,Stored into csv file(s),5976,20732,1615995565.21872,Wed Mar 17 16:39:25 2021
vtools,DAVIDECASTELLAN,1615995564,Stored into csv file(s),5976,20732,1615995565.494198,Wed Mar 17 16:39:25 2021
vtools,DAVIDECASTELLAN,1615995564,Stored into csv file(s),5976,20732,1615995565.731496,Wed Mar 17 16:39:25 2021
vtools,DAVIDECASTELLAN,1615995592,Created log,9864,21944,1615995592.951139,Wed Mar 17 16:39:52 2021
vtools,DAVIDECASTELLAN,1615995592,Defined CSV files' infos,9864,21944,1615995592.953668,Wed Mar 17 16:39:52 2021
vtools,DAVIDECASTELLAN,1615995592,Inizialized CSV files,9864,21944,1615995592.992708,Wed Mar 17 16:39:52 2021
vtools,DAVIDECASTELLAN,1615995592,Stored into csv file(s),9864,21944,1615995593.116255,Wed Mar 17 16:39:53 2021
vtools,DAVIDECASTELLAN,1615995592,Stored into csv file(s),9864,21944,1615995593.383392,Wed Mar 17 16:39:53 2021
vtools,DAVIDECASTELLAN,1615995592,Stored into csv file(s),9864,21944,1615995593.625284,Wed Mar 17 16:39:53 2021
vtools,DAVIDECASTELLAN,1615995592,Stored into csv file(s),9864,21944,1615995593.942219,Wed Mar 17 16:39:53 2021
vtools,DAVIDECASTELLAN,1615995592,Stored into csv file(s),9864,21944,1615995594.158419,Wed Mar 17 16:39:54 2021
vtools,DAVIDECASTELLAN,1615995666,Created log,20448,24504,1615995666.079975,Wed Mar 17 16:41:06 2021
vtools,DAVIDECASTELLAN,1615995666,Defined CSV files' infos,20448,24504,1615995666.082903,Wed Mar 17 16:41:06 2021
vtools,DAVIDECASTELLAN,1615995666,Inizialized CSV files,20448,24504,1615995666.131704,Wed Mar 17 16:41:06 2021
vtools,DAVIDECASTELLAN,1615995666,Stored into csv file(s),20448,24504,1615995666.260534,Wed Mar 17 16:41:06 2021
vtools,DAVIDECASTELLAN,1615995666,Stored into csv file(s),20448,24504,1615995666.524048,Wed Mar 17 16:41:06 2021
vtools,DAVIDECASTELLAN,1615995666,Stored into csv file(s),20448,24504,1615995666.79552,Wed Mar 17 16:41:06 2021
vtools,DAVIDECASTELLAN,1615995666,Stored into csv file(s),20448,24504,1615995667.068798,Wed Mar 17 16:41:07 2021
vtools,DAVIDECASTELLAN,1615995666,Stored into csv file(s),20448,24504,1615995667.264974,Wed Mar 17 16:41:07 2021
vtools,DAVIDECASTELLAN,1615995706,Created log,21312,8352,1615995706.039642,Wed Mar 17 16:41:46 2021
vtools,DAVIDECASTELLAN,1615995706,Defined CSV files' infos,21312,8352,1615995706.042572,Wed Mar 17 16:41:46 2021
vtools,DAVIDECASTELLAN,1615995706,Inizialized CSV files,21312,8352,1615995706.08161,Wed Mar 17 16:41:46 2021
vtools,DAVIDECASTELLAN,1615995706,Stored into csv file(s),21312,8352,1615995706.207265,Wed Mar 17 16:41:46 2021
vtools,DAVIDECASTELLAN,1615995706,Stored into csv file(s),21312,8352,1615995706.466855,Wed Mar 17 16:41:46 2021
vtools,DAVIDECASTELLAN,1615995706,Stored into csv file(s),21312,8352,1615995706.701143,Wed Mar 17 16:41:46 2021
vtools,DAVIDECASTELLAN,1615995706,Stored into csv file(s),21312,8352,1615995707.009557,Wed Mar 17 16:41:47 2021
vtools,DAVIDECASTELLAN,1615995706,Stored into csv file(s),21312,8352,1615995707.24087,Wed Mar 17 16:41:47 2021
vtools,DAVIDECASTELLAN,1615995728,Created log,22680,21948,1615995728.833067,Wed Mar 17 16:42:08 2021
vtools,DAVIDECASTELLAN,1615995728,Defined CSV files' infos,22680,21948,1615995728.835982,Wed Mar 17 16:42:08 2021
vtools,DAVIDECASTELLAN,1615995728,Inizialized CSV files,22680,21948,1615995728.871155,Wed Mar 17 16:42:08 2021
vtools,DAVIDECASTELLAN,1615995728,Stored into csv file(s),22680,21948,1615995729.004051,Wed Mar 17 16:42:09 2021
vtools,DAVIDECASTELLAN,1615995728,Stored into csv file(s),22680,21948,1615995729.27347,Wed Mar 17 16:42:09 2021
vtools,DAVIDECASTELLAN,1615995728,Stored into csv file(s),22680,21948,1615995729.505758,Wed Mar 17 16:42:09 2021
vtools,DAVIDECASTELLAN,1615995728,Stored into csv file(s),22680,21948,1615995729.820028,Wed Mar 17 16:42:09 2021
vtools,DAVIDECASTELLAN,1615995728,Stored into csv file(s),22680,21948,1615995730.02694,Wed Mar 17 16:42:10 2021
vtools,DAVIDECASTELLAN,1615995748,Created log,9004,23836,1615995748.911286,Wed Mar 17 16:42:28 2021
vtools,DAVIDECASTELLAN,1615995748,Defined CSV files' infos,9004,23836,1615995748.914169,Wed Mar 17 16:42:28 2021
vtools,DAVIDECASTELLAN,1615995748,Inizialized CSV files,9004,23836,1615995748.951258,Wed Mar 17 16:42:28 2021
vtools,DAVIDECASTELLAN,1615995748,Stored into csv file(s),9004,23836,1615995749.078043,Wed Mar 17 16:42:29 2021
vtools,DAVIDECASTELLAN,1615995748,Stored into csv file(s),9004,23836,1615995749.337334,Wed Mar 17 16:42:29 2021
vtools,DAVIDECASTELLAN,1615995748,Stored into csv file(s),9004,23836,1615995749.63593,Wed Mar 17 16:42:29 2021
vtools,DAVIDECASTELLAN,1615995748,Stored into csv file(s),9004,23836,1615995749.908232,Wed Mar 17 16:42:29 2021
vtools,DAVIDECASTELLAN,1615995748,Stored into csv file(s),9004,23836,1615995750.112141,Wed Mar 17 16:42:30 2021
vtools,DAVIDECASTELLAN,1615995787,Created log,21936,17588,1615995787.361875,Wed Mar 17 16:43:07 2021
vtools,DAVIDECASTELLAN,1615995787,Defined CSV files' infos,21936,17588,1615995787.3638,Wed Mar 17 16:43:07 2021
vtools,DAVIDECASTELLAN,1615995787,Inizialized CSV files,21936,17588,1615995787.411621,Wed Mar 17 16:43:07 2021
vtools,DAVIDECASTELLAN,1615995787,Stored into csv file(s),21936,17588,1615995787.534351,Wed Mar 17 16:43:07 2021
vtools,DAVIDECASTELLAN,1615995787,Stored into csv file(s),21936,17588,1615995787.794349,Wed Mar 17 16:43:07 2021
vtools,DAVIDECASTELLAN,1615995787,Stored into csv file(s),21936,17588,1615995788.000879,Wed Mar 17 16:43:08 2021
vtools,DAVIDECASTELLAN,1615995787,Stored into csv file(s),21936,17588,1615995788.191503,Wed Mar 17 16:43:08 2021
vtools,DAVIDECASTELLAN,1615995787,Stored into csv file(s),21936,17588,1615995788.385725,Wed Mar 17 16:43:08 2021
vtools,DAVIDECASTELLAN,1615995804,Created log,24236,21428,1615995804.463757,Wed Mar 17 16:43:24 2021
vtools,DAVIDECASTELLAN,1615995804,Defined CSV files' infos,24236,21428,1615995804.466652,Wed Mar 17 16:43:24 2021
vtools,DAVIDECASTELLAN,1615995804,Inizialized CSV files,24236,21428,1615995804.506668,Wed Mar 17 16:43:24 2021
vtools,DAVIDECASTELLAN,1615995804,Stored into csv file(s),24236,21428,1615995804.627667,Wed Mar 17 16:43:24 2021
vtools,DAVIDECASTELLAN,1615995804,Stored into csv file(s),24236,21428,1615995804.897713,Wed Mar 17 16:43:24 2021
vtools,DAVIDECASTELLAN,1615995804,Stored into csv file(s),24236,21428,1615995805.180752,Wed Mar 17 16:43:25 2021
vtools,DAVIDECASTELLAN,1615995804,Stored into csv file(s),24236,21428,1615995805.44427,Wed Mar 17 16:43:25 2021
vtools,DAVIDECASTELLAN,1615995804,Stored into csv file(s),24236,21428,1615995805.640445,Wed Mar 17 16:43:25 2021
vtools,DAVIDECASTELLAN,1615995818,Created log,1780,12000,1615995818.531306,Wed Mar 17 16:43:38 2021
vtools,DAVIDECASTELLAN,1615995818,Defined CSV files' infos,1780,12000,1615995818.533216,Wed Mar 17 16:43:38 2021
vtools,DAVIDECASTELLAN,1615995818,Inizialized CSV files,1780,12000,1615995818.577136,Wed Mar 17 16:43:38 2021
vtools,DAVIDECASTELLAN,1615995818,Stored into csv file(s),1780,12000,1615995818.712443,Wed Mar 17 16:43:38 2021
vtools,DAVIDECASTELLAN,1615995818,Stored into csv file(s),1780,12000,1615995818.976514,Wed Mar 17 16:43:38 2021
vtools,DAVIDECASTELLAN,1615995818,Stored into csv file(s),1780,12000,1615995819.239058,Wed Mar 17 16:43:39 2021
vtools,DAVIDECASTELLAN,1615995818,Stored into csv file(s),1780,12000,1615995819.539665,Wed Mar 17 16:43:39 2021
vtools,DAVIDECASTELLAN,1615995818,Stored into csv file(s),1780,12000,1615995819.738283,Wed Mar 17 16:43:39 2021
vtools,DAVIDECASTELLAN,1615995941,Created log,23024,22200,1615995941.818816,Wed Mar 17 16:45:41 2021
vtools,DAVIDECASTELLAN,1615995941,Defined CSV files' infos,23024,22200,1615995941.821789,Wed Mar 17 16:45:41 2021
vtools,DAVIDECASTELLAN,1615995941,Inizialized CSV files,23024,22200,1615995941.870545,Wed Mar 17 16:45:41 2021
vtools,DAVIDECASTELLAN,1615995941,Get VM names,23024,22200,1615995941.897911,Wed Mar 17 16:45:41 2021
vtools,DAVIDECASTELLAN,1615995941,Getting OS,23024,22200,1615995941.914463,Wed Mar 17 16:45:41 2021
vtools,DAVIDECASTELLAN,1615995941,Getted attachments,23024,22200,1615995941.986175,Wed Mar 17 16:45:41 2021
vtools,DAVIDECASTELLAN,1615995941,Getted network infos,23024,22200,1615995942.01448,Wed Mar 17 16:45:42 2021
vtools,DAVIDECASTELLAN,1615995941,Stored into csv file(s),23024,22200,1615995942.015455,Wed Mar 17 16:45:42 2021
vtools,DAVIDECASTELLAN,1615995941,Getting OS,23024,22200,1615995942.044799,Wed Mar 17 16:45:42 2021
vtools,DAVIDECASTELLAN,1615995941,Getted attachments,23024,22200,1615995942.116337,Wed Mar 17 16:45:42 2021
vtools,DAVIDECASTELLAN,1615995941,Getted network infos,23024,22200,1615995942.294274,Wed Mar 17 16:45:42 2021
vtools,DAVIDECASTELLAN,1615995941,Stored into csv file(s),23024,22200,1615995942.309888,Wed Mar 17 16:45:42 2021
vtools,DAVIDECASTELLAN,1615995941,Getting OS,23024,22200,1615995942.327456,Wed Mar 17 16:45:42 2021
vtools,DAVIDECASTELLAN,1615995941,Getted attachments,23024,22200,1615995942.397728,Wed Mar 17 16:45:42 2021
vtools,DAVIDECASTELLAN,1615995941,Getted network infos,23024,22200,1615995942.513893,Wed Mar 17 16:45:42 2021
vtools,DAVIDECASTELLAN,1615995941,Stored into csv file(s),23024,22200,1615995942.533454,Wed Mar 17 16:45:42 2021
vtools,DAVIDECASTELLAN,1615995941,Getting OS,23024,22200,1615995942.554884,Wed Mar 17 16:45:42 2021
vtools,DAVIDECASTELLAN,1615995941,Getted attachments,23024,22200,1615995942.627481,Wed Mar 17 16:45:42 2021
vtools,DAVIDECASTELLAN,1615995941,Getted network infos,23024,22200,1615995942.751432,Wed Mar 17 16:45:42 2021
vtools,DAVIDECASTELLAN,1615995941,Stored into csv file(s),23024,22200,1615995942.770952,Wed Mar 17 16:45:42 2021
vtools,DAVIDECASTELLAN,1615995941,Getting OS,23024,22200,1615995942.788522,Wed Mar 17 16:45:42 2021
vtools,DAVIDECASTELLAN,1615995941,Getted attachments,23024,22200,1615995942.857816,Wed Mar 17 16:45:42 2021
vtools,DAVIDECASTELLAN,1615995941,Getted network infos,23024,22200,1615995942.976443,Wed Mar 17 16:45:42 2021
vtools,DAVIDECASTELLAN,1615995941,Stored into csv file(s),23024,22200,1615995942.996976,Wed Mar 17 16:45:42 2021
